2026-07-03 03:52:17,968 - INFO - === Инициализация на системата ===
2026-07-03 03:52:17,968 - INFO - --- СТАРТИРАНЕ НА СИМУЛАЦИЯТА ---
2026-07-03 03:52:45,846 - INFO - === Инициализация на системата ===
2026-07-03 03:52:45,846 - INFO - --- СТАРТИРАНЕ НА СИМУЛАЦИЯТА ---
2026-07-03 03:52:52,178 - INFO - === Инициализация на системата ===
2026-07-03 03:52:52,178 - INFO - --- СТАРТИРАНЕ НА СИМУЛАЦИЯТА ---
2026-07-03 17:22:18,974 - INFO - === Инициализация на системата ===
2026-07-03 17:22:18,975 - INFO - --- СТАРТИРАНЕ НА СИМУЛАЦИЯТА ---
2026-07-03 17:22:18,975 - INFO - Стратегията реши: BUY 1 бр.
2026-07-03 17:22:18,976 - INFO - Купени 1 бр. ASSET на цена 96.00. Такса: 0.10
2026-07-03 17:22:18,976 - INFO - Стратегията реши: SELL 1 бр.
2026-07-03 17:22:18,976 - INFO - Продадени 1 бр. ASSET на цена 152.00. Такса: 0.15
2026-07-03 17:22:18,976 - INFO - --- КРАЙ НА СИМУЛАЦИЯТА ---
2026-07-03 19:26:06,353 - INFO - === Инициализация на системата ===
2026-07-03 19:26:06,353 - INFO - --- СТАРТИРАНЕ НА СИМУЛАЦИЯТА ---
2026-07-03 19:26:06,353 - INFO - Стратегията реши: BUY 1 бр.
2026-07-03 19:26:06,353 - INFO - Купени 1 бр. ASSET на цена 96.00. Такса: 0.10
2026-07-03 19:26:06,353 - INFO - Стратегията реши: SELL 1 бр.
2026-07-03 19:26:06,353 - INFO - Продадени 1 бр. ASSET на цена 152.00. Такса: 0.15
2026-07-03 19:26:06,353 - INFO - --- КРАЙ НА СИМУЛАЦИЯТА ---
